<?xml version="1.0" encoding="UTF-8"?>
<testng-results ignored="0" total="1" passed="1" failed="0" skipped="0">
  <reporter-output>
  </reporter-output>
  <suite started-at="2023-12-14T13:21:10 IST" name="Default suite" finished-at="2023-12-14T13:28:58 IST" duration-ms="467123">
    <groups>
    </groups>
    <test started-at="2023-12-14T13:21:10 IST" name="Default test" finished-at="2023-12-14T13:28:58 IST" duration-ms="467123">
      <class name="practiceTrialTest">
        <test-method signature="abc()[pri:0, instance:practiceTrialTest@49912c99]" started-at="2023-12-14T13:21:10 IST" name="abc" finished-at="2023-12-14T13:28:58 IST" duration-ms="467044" status="PASS">
          <reporter-output>
          </reporter-output>
        </test-method> <!-- abc -->
      </class> <!-- practiceTrialTest -->
    </test> <!-- Default test -->
  </suite> <!-- Default suite -->
</testng-results>
