<?xml version="1.0" encoding="UTF-8"?>
<testng-results ignored="3" total="6" passed="3" failed="0" skipped="0">
  <reporter-output>
    <line>
      <![CDATA[connection to the server]]>
    </line>
    <line>
      <![CDATA[test excution started]]>
    </line>
    <line>
      <![CDATA[connection to the database]]>
    </line>
    <line>
      <![CDATA[test excution started]]>
    </line>
    <line>
      <![CDATA[connection to the database]]>
    </line>
    <line>
      <![CDATA[test excution started]]>
    </line>
    <line>
      <![CDATA[connection to the database]]>
    </line>
    <line>
      <![CDATA[registration not donee..]]>
    </line>
    <line>
      <![CDATA[registration not donee..]]>
    </line>
    <line>
      <![CDATA[registration not donee..]]>
    </line>
    <line>
      <![CDATA[disconnect to the database]]>
    </line>
    <line>
      <![CDATA[disconnect to the database]]>
    </line>
    <line>
      <![CDATA[disconnect to the database]]>
    </line>
    <line>
      <![CDATA[disconnection to the server]]>
    </line>
  </reporter-output>
  <suite started-at="2023-12-19T21:31:28 IST" name="Suite" finished-at="2023-12-19T21:32:25 IST" duration-ms="56419">
    <groups>
    </groups>
    <test started-at="2023-12-19T21:31:28 IST" name="Test" finished-at="2023-12-19T21:32:19 IST" duration-ms="50633">
      <class name="parametersAndlisteners.loginClass">
        <test-method is-config="true" signature="beforeTest()[pri:0, instance:parametersAndlisteners.loginClass@2f8dad04]" started-at="2023-12-19T21:31:28 IST" name="beforeTest" finished-at="2023-12-19T21:31:28 IST" duration-ms="0" status="PASS">
          <reporter-output>
            <line>
              <![CDATA[connection to the database]]>
            </line>
          </reporter-output>
        </test-method> <!-- beforeTest -->
        <test-method is-config="true" signature="beforeClass(java.lang.String)[pri:0, instance:parametersAndlisteners.loginClass@2f8dad04]" started-at="2023-12-19T21:31:28 IST" name="beforeClass" finished-at="2023-12-19T21:31:48 IST" duration-ms="19459" status="PASS">
          <params>
            <param index="0">
              <value>
                <![CDATA[chrome]]>
              </value>
            </param>
          </params>
          <reporter-output>
          </reporter-output>
        </test-method> <!-- beforeClass -->
        <test-method is-config="true" signature="beforeMethod()[pri:0, instance:parametersAndlisteners.loginClass@2f8dad04]" started-at="2023-12-19T21:31:48 IST" name="beforeMethod" finished-at="2023-12-19T21:31:59 IST" duration-ms="11499" status="PASS">
          <reporter-output>
            <line>
              <![CDATA[registration not donee..]]>
            </line>
          </reporter-output>
        </test-method> <!-- beforeMethod -->
        <test-method signature="login()[pri:0, instance:parametersAndlisteners.loginClass@2f8dad04]" started-at="2023-12-19T21:31:59 IST" name="login" finished-at="2023-12-19T21:32:07 IST" duration-ms="8200" status="PASS">
          <reporter-output>
          </reporter-output>
        </test-method> <!-- login -->
        <test-method is-config="true" signature="afterMethod()[pri:0, instance:parametersAndlisteners.loginClass@2f8dad04]" started-at="2023-12-19T21:32:07 IST" name="afterMethod" finished-at="2023-12-19T21:32:07 IST" duration-ms="2" status="PASS">
          <reporter-output>
          </reporter-output>
        </test-method> <!-- afterMethod -->
        <test-method is-config="true" signature="afterClass()[pri:0, instance:parametersAndlisteners.loginClass@2f8dad04]" started-at="2023-12-19T21:32:07 IST" name="afterClass" finished-at="2023-12-19T21:32:19 IST" duration-ms="11379" status="PASS">
          <reporter-output>
          </reporter-output>
        </test-method> <!-- afterClass -->
        <test-method is-config="true" signature="afterTest()[pri:0, instance:parametersAndlisteners.loginClass@2f8dad04]" started-at="2023-12-19T21:32:19 IST" name="afterTest" finished-at="2023-12-19T21:32:19 IST" duration-ms="1" status="PASS">
          <reporter-output>
            <line>
              <![CDATA[disconnect to the database]]>
            </line>
          </reporter-output>
        </test-method> <!-- afterTest -->
      </class> <!-- parametersAndlisteners.loginClass -->
    </test> <!-- Test -->
    <test started-at="2023-12-19T21:31:28 IST" name="Test2" finished-at="2023-12-19T21:32:19 IST" duration-ms="50846">
      <class name="parametersAndlisteners.loginClass">
        <test-method is-config="true" signature="beforeSuite()[pri:0, instance:parametersAndlisteners.loginClass@50b5ac82]" started-at="2023-12-19T21:31:28 IST" name="beforeSuite" finished-at="2023-12-19T21:31:28 IST" duration-ms="17" status="PASS">
          <reporter-output>
            <line>
              <![CDATA[connection to the server]]>
            </line>
          </reporter-output>
        </test-method> <!-- beforeSuite -->
        <test-method is-config="true" signature="beforeTest()[pri:0, instance:parametersAndlisteners.loginClass@50b5ac82]" started-at="2023-12-19T21:31:28 IST" name="beforeTest" finished-at="2023-12-19T21:31:28 IST" duration-ms="1" status="PASS">
          <reporter-output>
            <line>
              <![CDATA[connection to the database]]>
            </line>
          </reporter-output>
        </test-method> <!-- beforeTest -->
        <test-method is-config="true" signature="beforeClass(java.lang.String)[pri:0, instance:parametersAndlisteners.loginClass@50b5ac82]" started-at="2023-12-19T21:31:28 IST" name="beforeClass" finished-at="2023-12-19T21:31:50 IST" duration-ms="21301" status="PASS">
          <params>
            <param index="0">
              <value>
                <![CDATA[edge]]>
              </value>
            </param>
          </params>
          <reporter-output>
          </reporter-output>
        </test-method> <!-- beforeClass -->
        <test-method is-config="true" signature="beforeMethod()[pri:0, instance:parametersAndlisteners.loginClass@50b5ac82]" started-at="2023-12-19T21:31:50 IST" name="beforeMethod" finished-at="2023-12-19T21:31:59 IST" duration-ms="9889" status="PASS">
          <reporter-output>
            <line>
              <![CDATA[registration not donee..]]>
            </line>
          </reporter-output>
        </test-method> <!-- beforeMethod -->
        <test-method signature="login()[pri:0, instance:parametersAndlisteners.loginClass@50b5ac82]" started-at="2023-12-19T21:31:59 IST" name="login" finished-at="2023-12-19T21:32:14 IST" duration-ms="14677" status="PASS">
          <reporter-output>
          </reporter-output>
        </test-method> <!-- login -->
        <test-method is-config="true" signature="afterMethod()[pri:0, instance:parametersAndlisteners.loginClass@50b5ac82]" started-at="2023-12-19T21:32:14 IST" name="afterMethod" finished-at="2023-12-19T21:32:14 IST" duration-ms="0" status="PASS">
          <reporter-output>
          </reporter-output>
        </test-method> <!-- afterMethod -->
        <test-method is-config="true" signature="afterClass()[pri:0, instance:parametersAndlisteners.loginClass@50b5ac82]" started-at="2023-12-19T21:32:14 IST" name="afterClass" finished-at="2023-12-19T21:32:19 IST" duration-ms="4929" status="PASS">
          <reporter-output>
          </reporter-output>
        </test-method> <!-- afterClass -->
        <test-method is-config="true" signature="afterTest()[pri:0, instance:parametersAndlisteners.loginClass@50b5ac82]" started-at="2023-12-19T21:32:19 IST" name="afterTest" finished-at="2023-12-19T21:32:19 IST" duration-ms="1" status="PASS">
          <reporter-output>
            <line>
              <![CDATA[disconnect to the database]]>
            </line>
          </reporter-output>
        </test-method> <!-- afterTest -->
        <test-method is-config="true" signature="afterSuite()[pri:0, instance:parametersAndlisteners.loginClass@50b5ac82]" started-at="2023-12-19T21:32:25 IST" name="afterSuite" finished-at="2023-12-19T21:32:25 IST" duration-ms="1" status="PASS">
          <reporter-output>
            <line>
              <![CDATA[disconnection to the server]]>
            </line>
          </reporter-output>
        </test-method> <!-- afterSuite -->
      </class> <!-- parametersAndlisteners.loginClass -->
    </test> <!-- Test2 -->
    <test started-at="2023-12-19T21:31:28 IST" name="Test1" finished-at="2023-12-19T21:32:25 IST" duration-ms="56419">
      <class name="parametersAndlisteners.loginClass">
        <test-method is-config="true" signature="beforeTest()[pri:0, instance:parametersAndlisteners.loginClass@69997e9d]" started-at="2023-12-19T21:31:28 IST" name="beforeTest" finished-at="2023-12-19T21:31:28 IST" duration-ms="1" status="PASS">
          <reporter-output>
            <line>
              <![CDATA[connection to the database]]>
            </line>
          </reporter-output>
        </test-method> <!-- beforeTest -->
        <test-method is-config="true" signature="beforeClass(java.lang.String)[pri:0, instance:parametersAndlisteners.loginClass@69997e9d]" started-at="2023-12-19T21:31:28 IST" name="beforeClass" finished-at="2023-12-19T21:32:09 IST" duration-ms="40666" status="PASS">
          <params>
            <param index="0">
              <value>
                <![CDATA[firefox]]>
              </value>
            </param>
          </params>
          <reporter-output>
          </reporter-output>
        </test-method> <!-- beforeClass -->
        <test-method is-config="true" signature="beforeMethod()[pri:0, instance:parametersAndlisteners.loginClass@69997e9d]" started-at="2023-12-19T21:32:09 IST" name="beforeMethod" finished-at="2023-12-19T21:32:15 IST" duration-ms="5985" status="PASS">
          <reporter-output>
            <line>
              <![CDATA[registration not donee..]]>
            </line>
          </reporter-output>
        </test-method> <!-- beforeMethod -->
        <test-method signature="login()[pri:0, instance:parametersAndlisteners.loginClass@69997e9d]" started-at="2023-12-19T21:32:15 IST" name="login" finished-at="2023-12-19T21:32:21 IST" duration-ms="6252" status="PASS">
          <reporter-output>
          </reporter-output>
        </test-method> <!-- login -->
        <test-method is-config="true" signature="afterClass()[pri:0, instance:parametersAndlisteners.loginClass@69997e9d]" started-at="2023-12-19T21:32:21 IST" name="afterClass" finished-at="2023-12-19T21:32:25 IST" duration-ms="3443" status="PASS">
          <reporter-output>
          </reporter-output>
        </test-method> <!-- afterClass -->
        <test-method is-config="true" signature="afterMethod()[pri:0, instance:parametersAndlisteners.loginClass@69997e9d]" started-at="2023-12-19T21:32:21 IST" name="afterMethod" finished-at="2023-12-19T21:32:21 IST" duration-ms="0" status="PASS">
          <reporter-output>
          </reporter-output>
        </test-method> <!-- afterMethod -->
        <test-method is-config="true" signature="afterTest()[pri:0, instance:parametersAndlisteners.loginClass@69997e9d]" started-at="2023-12-19T21:32:25 IST" name="afterTest" finished-at="2023-12-19T21:32:25 IST" duration-ms="0" status="PASS">
          <reporter-output>
            <line>
              <![CDATA[disconnect to the database]]>
            </line>
          </reporter-output>
        </test-method> <!-- afterTest -->
      </class> <!-- parametersAndlisteners.loginClass -->
    </test> <!-- Test1 -->
  </suite> <!-- Suite -->
</testng-results>
